<?xml version="1.0" encoding="UTF-8"?>
<testsuite name="core.AlgoDESTest" tests="7" skipped="0" failures="0" errors="0" timestamp="2023-11-11T09:41:38" hostname="fv-az412-554" time="0.908">
  <properties/>
  <testcase name="when encrypt with des same string is not retrieved after decrypt with wrong password" classname="core.AlgoDESTest" time="0.142"/>
  <testcase name="when encrypt with des string is not retrieved after decrypt with null password" classname="core.AlgoDESTest" time="0.07"/>
  <testcase name="when encrypt empty string with des and then decrypt returns empty string" classname="core.AlgoDESTest" time="0.134"/>
  <testcase name="when when encrypt with two fish same string is not retrieved after decrypt with wrong password" classname="core.AlgoDESTest" time="0.135"/>
  <testcase name="when encrypt long string with aes does throw" classname="core.AlgoDESTest" time="0.15"/>
  <testcase name="when encrypt special characters with des same string is retrieved after decrypt" classname="core.AlgoDESTest" time="0.136"/>
  <testcase name="when encrypt with des same string is not retrieved after decrypt with wrong password and wrong key" classname="core.AlgoDESTest" time="0.14"/>
  <system-out><![CDATA[]]></system-out>
  <system-err><![CDATA[]]></system-err>
</testsuite>
