<?xml version="1.0" encoding="UTF-8"?>
<testsuite name="core.AlgoRSATest" tests="6" skipped="0" failures="0" errors="0" timestamp="2023-11-11T09:41:39" hostname="fv-az412-554" time="2.223">
  <properties/>
  <testcase name="when encrypt with rsa same string is not retrieved after a corrupted privateKey" classname="core.AlgoRSATest" time="0.543"/>
  <testcase name="when encrypt with rsa same string is  retrieved after decrypt private key" classname="core.AlgoRSATest" time="0.512"/>
  <testcase name="when encrypt with rsa same string is not retrieved after a corrupted publicKey" classname="core.AlgoRSATest" time="0.201"/>
  <testcase name="when encrypt empty string with rsa and then decrypt returns empty string" classname="core.AlgoRSATest" time="0.364"/>
  <testcase name="when encrypt special characters with aes same string is retrieved after decrypt" classname="core.AlgoRSATest" time="0.265"/>
  <testcase name="when encrypt with rsa same string is not retrieved after decrypt with nullPrivateKey" classname="core.AlgoRSATest" time="0.336"/>
  <system-out><![CDATA[]]></system-out>
  <system-err><![CDATA[]]></system-err>
</testsuite>
