<?xml version="1.0" encoding="UTF-8"?>
<testsuite name="core.CryptFactorTest" tests="4" skipped="0" failures="0" errors="0" timestamp="2023-11-11T09:41:41" hostname="fv-az412-554" time="0.003">
  <properties/>
  <testcase name="createCrypt with algorithm type UNKNOWN throws IllegalArgumentException" classname="core.CryptFactorTest" time="0.0"/>
  <testcase name="createCrypt er with algorithm type RSA returns a RSACrypt instance" classname="core.CryptFactorTest" time="0.002"/>
  <testcase name="createCrypt with algorithm type AES returns a AESCrypt instance" classname="core.CryptFactorTest" time="0.0"/>
  <testcase name="createCrypt with algorithm type DES returns a DESCrypt instance" classname="core.CryptFactorTest" time="0.0"/>
  <system-out><![CDATA[]]></system-out>
  <system-err><![CDATA[]]></system-err>
</testsuite>
