<?xml version="1.0" encoding="UTF-8"?>
<testsuite name="core.CryptoResourceGeneratorTest" tests="6" skipped="0" failures="0" errors="0" timestamp="2023-11-11T09:41:41" hostname="fv-az412-554" time="0.138">
  <properties/>
  <testcase name="generateIV produces correct length output" classname="core.CryptoResourceGeneratorTest" time="0.0"/>
  <testcase name="deriveKey throws NoSuchAlgorithmException if invalid algorithm is used" classname="core.CryptoResourceGeneratorTest" time="0.0"/>
  <testcase name="generateIV produces random output" classname="core.CryptoResourceGeneratorTest" time="0.0"/>
  <testcase name="generateSalt produces correct length output" classname="core.CryptoResourceGeneratorTest" time="0.0"/>
  <testcase name="deriveKey produces consistent output" classname="core.CryptoResourceGeneratorTest" time="0.138"/>
  <testcase name="generateSalt produces random output" classname="core.CryptoResourceGeneratorTest" time="0.0"/>
  <system-out><![CDATA[]]></system-out>
  <system-err><![CDATA[]]></system-err>
</testsuite>
